<?xml version="1.0" encoding="UTF-8"?>
<!-- Generated by org.testng.reporters.JUnitXMLReporter -->
<testsuite ignored="0" hostname="CoptsPC" failures="0" tests="3" name="Test2" time="12.945" errors="0" timestamp="2023-04-23T15:29:50 EDT">
  <testcase classname="TutorialsNinja.Login" name="TutorialsLogin" time="1.741"/>
  <testcase classname="TutorialsNinja.Login" name="InvalidLogin" time="0.869"/>
  <testcase classname="TutorialsNinja.Registration" name="regtster" time="1.618"/>
</testsuite> <!-- Test2 -->
