<?xml version="1.0" encoding="UTF-8"?>
<!-- Generated by org.testng.reporters.JUnitXMLReporter -->
<testsuite hostname="CoptsPC" ignored="0" name="Test" tests="6" failures="0" timestamp="2023-04-26T18:58:17 EDT" time="19.077" errors="0">
  <testcase name="@AfterClass tearDown" time="0.0" classname="TutorialsNinja.BaseClass">
    <failure type="java.lang.NullPointerException">
      <![CDATA[java.lang.NullPointerException
at TutorialsNinja.BaseClass.tearDown(BaseClass.java:30)
at java.util.ArrayList.forEach(ArrayList.java:1259)
... Removed 25 stack frames]]>
    </failure>
  </testcase> <!-- @AfterClass tearDown -->
  <testcase name="@AfterClass tearDown" time="0.0" classname="TutorialsNinja.BaseClass">
    <failure type="java.lang.NullPointerException">
      <![CDATA[java.lang.NullPointerException
at TutorialsNinja.BaseClass.tearDown(BaseClass.java:30)
at java.util.ArrayList.forEach(ArrayList.java:1259)
... Removed 25 stack frames]]>
    </failure>
  </testcase> <!-- @AfterClass tearDown -->
  <testcase name="@AfterClass tearDown" time="0.0" classname="TutorialsNinja.BaseClass">
    <failure type="java.lang.NullPointerException">
      <![CDATA[java.lang.NullPointerException
at TutorialsNinja.BaseClass.tearDown(BaseClass.java:30)
at java.util.ArrayList.forEach(ArrayList.java:1259)
... Removed 25 stack frames]]>
    </failure>
  </testcase> <!-- @AfterClass tearDown -->
  <testcase name="@AfterClass tearDown" time="0.008" classname="TutorialsNinja.BaseClass">
    <failure type="java.lang.NullPointerException">
      <![CDATA[java.lang.NullPointerException
at TutorialsNinja.BaseClass.tearDown(BaseClass.java:30)
at java.util.ArrayList.forEach(ArrayList.java:1259)
... Removed 25 stack frames]]>
    </failure>
  </testcase> <!-- @AfterClass tearDown -->
  <testcase name="TutoriaSearchProduct" time="4.796" classname="TutorialsNinja.SearchProduct"/>
  <testcase name="TutorialsUnit" time="0.005" classname="TutorialsNinja.SearchProduct"/>
  <testcase name="f" time="0.04" classname="TutorialsNinja.ExtentReport"/>
  <testcase name="TutorialsLogin" time="2.232" classname="TutorialsNinja.Login"/>
  <testcase name="InvalidLogin" time="1.125" classname="TutorialsNinja.Login"/>
  <testcase name="regtster" time="1.619" classname="TutorialsNinja.Registration"/>
</testsuite> <!-- Test -->
