<?xml version="1.0" encoding="UTF-8"?>
<testng-results skipped="0" failed="0" ignored="0" total="6" passed="6">
  <reporter-output>
  </reporter-output>
  <suite name="Default suite" duration-ms="16352" started-at="2023-04-26T19:04:21 EDT" finished-at="2023-04-26T19:04:38 EDT">
    <groups>
    </groups>
    <test name="Default test" duration-ms="16352" started-at="2023-04-26T19:04:21 EDT" finished-at="2023-04-26T19:04:38 EDT">
      <class name="TutorialsNinja.ExtentReport">
        <test-method status="PASS" signature="f()[pri:0, instance:TutorialsNinja.ExtentReport@35ef1869]" name="f" duration-ms="28" started-at="2023-04-26T19:04:25 EDT" finished-at="2023-04-26T19:04:25 EDT">
          <reporter-output>
          </reporter-output>
        </test-method> <!-- f -->
        <test-method status="FAIL" signature="tearDown()[pri:0, instance:TutorialsNinja.ExtentReport@35ef1869]" name="tearDown" is-config="true" duration-ms="1" started-at="2023-04-26T19:04:25 EDT" finished-at="2023-04-26T19:04:25 EDT">
          <exception class="java.lang.NullPointerException">
            <full-stacktrace>
              <![CDATA[java.lang.NullPointerException
at TutorialsNinja.BaseClass.tearDown(BaseClass.java:30)
at sun.reflect.NativeMethodAccessorImpl.invoke0(Native Method)
at sun.reflect.NativeMethodAccessorImpl.invoke(NativeMethodAccessorImpl.java:62)
at sun.reflect.DelegatingMethodAccessorImpl.invoke(DelegatingMethodAccessorImpl.java:43)
at java.lang.reflect.Method.invoke(Method.java:498)
at org.testng.internal.MethodInvocationHelper.invokeMethod(MethodInvocationHelper.java:133)
at org.testng.internal.MethodInvocationHelper.invokeMethodConsideringTimeout(MethodInvocationHelper.java:62)
at org.testng.internal.ConfigInvoker.invokeConfigurationMethod(ConfigInvoker.java:385)
at org.testng.internal.ConfigInvoker.invokeConfigurations(ConfigInvoker.java:321)
at org.testng.internal.TestMethodWorker.invokeAfterClassMethods(TestMethodWorker.java:217)
at org.testng.internal.TestMethodWorker.run(TestMethodWorker.java:130)
at java.util.ArrayList.forEach(ArrayList.java:1259)
at org.testng.TestRunner.privateRun(TestRunner.java:794)
at org.testng.TestRunner.run(TestRunner.java:596)
at org.testng.SuiteRunner.runTest(SuiteRunner.java:377)
at org.testng.SuiteRunner.runSequentially(SuiteRunner.java:371)
at org.testng.SuiteRunner.privateRun(SuiteRunner.java:332)
at org.testng.SuiteRunner.run(SuiteRunner.java:276)
at org.testng.SuiteRunnerWorker.runSuite(SuiteRunnerWorker.java:53)
at org.testng.SuiteRunnerWorker.run(SuiteRunnerWorker.java:96)
at org.testng.TestNG.runSuitesSequentially(TestNG.java:1212)
at org.testng.TestNG.runSuitesLocally(TestNG.java:1134)
at org.testng.TestNG.runSuites(TestNG.java:1063)
at org.testng.TestNG.run(TestNG.java:1031)
at org.testng.remote.AbstractRemoteTestNG.run(AbstractRemoteTestNG.java:115)
at org.testng.remote.RemoteTestNG.initAndRun(RemoteTestNG.java:251)
at org.testng.remote.RemoteTestNG.main(RemoteTestNG.java:77)
]]>
            </full-stacktrace>
          </exception> <!-- java.lang.NullPointerException -->
          <reporter-output>
          </reporter-output>
        </test-method> <!-- tearDown -->
      </class> <!-- TutorialsNinja.ExtentReport -->
      <class name="TutorialsNinja.Registration">
        <test-method status="PASS" signature="LaunchURL()[pri:0, instance:TutorialsNinja.Registration@307765b4]" name="LaunchURL" is-config="true" duration-ms="3566" started-at="2023-04-26T19:04:21 EDT" finished-at="2023-04-26T19:04:25 EDT">
          <reporter-output>
          </reporter-output>
        </test-method> <!-- LaunchURL -->
        <test-method status="PASS" signature="regtster()[pri:0, instance:TutorialsNinja.Registration@307765b4]" name="regtster" duration-ms="1304" started-at="2023-04-26T19:04:25 EDT" finished-at="2023-04-26T19:04:26 EDT">
          <reporter-output>
          </reporter-output>
        </test-method> <!-- regtster -->
        <test-method status="FAIL" signature="tearDown()[pri:0, instance:TutorialsNinja.Registration@307765b4]" name="tearDown" is-config="true" duration-ms="0" started-at="2023-04-26T19:04:26 EDT" finished-at="2023-04-26T19:04:26 EDT">
          <exception class="java.lang.NullPointerException">
            <full-stacktrace>
              <![CDATA[java.lang.NullPointerException
at TutorialsNinja.BaseClass.tearDown(BaseClass.java:30)
at sun.reflect.NativeMethodAccessorImpl.invoke0(Native Method)
at sun.reflect.NativeMethodAccessorImpl.invoke(NativeMethodAccessorImpl.java:62)
at sun.reflect.DelegatingMethodAccessorImpl.invoke(DelegatingMethodAccessorImpl.java:43)
at java.lang.reflect.Method.invoke(Method.java:498)
at org.testng.internal.MethodInvocationHelper.invokeMethod(MethodInvocationHelper.java:133)
at org.testng.internal.MethodInvocationHelper.invokeMethodConsideringTimeout(MethodInvocationHelper.java:62)
at org.testng.internal.ConfigInvoker.invokeConfigurationMethod(ConfigInvoker.java:385)
at org.testng.internal.ConfigInvoker.invokeConfigurations(ConfigInvoker.java:321)
at org.testng.internal.TestMethodWorker.invokeAfterClassMethods(TestMethodWorker.java:217)
at org.testng.internal.TestMethodWorker.run(TestMethodWorker.java:130)
at java.util.ArrayList.forEach(ArrayList.java:1259)
at org.testng.TestRunner.privateRun(TestRunner.java:794)
at org.testng.TestRunner.run(TestRunner.java:596)
at org.testng.SuiteRunner.runTest(SuiteRunner.java:377)
at org.testng.SuiteRunner.runSequentially(SuiteRunner.java:371)
at org.testng.SuiteRunner.privateRun(SuiteRunner.java:332)
at org.testng.SuiteRunner.run(SuiteRunner.java:276)
at org.testng.SuiteRunnerWorker.runSuite(SuiteRunnerWorker.java:53)
at org.testng.SuiteRunnerWorker.run(SuiteRunnerWorker.java:96)
at org.testng.TestNG.runSuitesSequentially(TestNG.java:1212)
at org.testng.TestNG.runSuitesLocally(TestNG.java:1134)
at org.testng.TestNG.runSuites(TestNG.java:1063)
at org.testng.TestNG.run(TestNG.java:1031)
at org.testng.remote.AbstractRemoteTestNG.run(AbstractRemoteTestNG.java:115)
at org.testng.remote.RemoteTestNG.initAndRun(RemoteTestNG.java:251)
at org.testng.remote.RemoteTestNG.main(RemoteTestNG.java:77)
]]>
            </full-stacktrace>
          </exception> <!-- java.lang.NullPointerException -->
          <reporter-output>
          </reporter-output>
        </test-method> <!-- tearDown -->
        <test-method status="PASS" signature="logout()[pri:0, instance:TutorialsNinja.Registration@307765b4]" name="logout" is-config="true" duration-ms="99" started-at="2023-04-26T19:04:37 EDT" finished-at="2023-04-26T19:04:38 EDT">
          <reporter-output>
          </reporter-output>
        </test-method> <!-- logout -->
      </class> <!-- TutorialsNinja.Registration -->
      <class name="TutorialsNinja.Login">
        <test-method status="PASS" signature="Tutorials()[pri:0, instance:TutorialsNinja.Login@2db2dd9d]" name="Tutorials" is-config="true" duration-ms="3357" started-at="2023-04-26T19:04:26 EDT" finished-at="2023-04-26T19:04:30 EDT">
          <reporter-output>
          </reporter-output>
        </test-method> <!-- Tutorials -->
        <test-method status="PASS" signature="TutorialsLogin()[pri:1, instance:TutorialsNinja.Login@2db2dd9d]" name="TutorialsLogin" duration-ms="1615" started-at="2023-04-26T19:04:30 EDT" finished-at="2023-04-26T19:04:31 EDT">
          <reporter-output>
          </reporter-output>
        </test-method> <!-- TutorialsLogin -->
        <test-method status="PASS" signature="Tutorials()[pri:0, instance:TutorialsNinja.Login@2db2dd9d]" name="Tutorials" is-config="true" duration-ms="928" started-at="2023-04-26T19:04:31 EDT" finished-at="2023-04-26T19:04:32 EDT">
          <reporter-output>
          </reporter-output>
        </test-method> <!-- Tutorials -->
        <test-method status="PASS" signature="InvalidLogin()[pri:2, instance:TutorialsNinja.Login@2db2dd9d]" name="InvalidLogin" duration-ms="870" started-at="2023-04-26T19:04:32 EDT" finished-at="2023-04-26T19:04:33 EDT">
          <reporter-output>
          </reporter-output>
        </test-method> <!-- InvalidLogin -->
        <test-method status="FAIL" signature="tearDown()[pri:0, instance:TutorialsNinja.Login@2db2dd9d]" name="tearDown" is-config="true" duration-ms="0" started-at="2023-04-26T19:04:33 EDT" finished-at="2023-04-26T19:04:33 EDT">
          <exception class="java.lang.NullPointerException">
            <full-stacktrace>
              <![CDATA[java.lang.NullPointerException
at TutorialsNinja.BaseClass.tearDown(BaseClass.java:30)
at sun.reflect.NativeMethodAccessorImpl.invoke0(Native Method)
at sun.reflect.NativeMethodAccessorImpl.invoke(NativeMethodAccessorImpl.java:62)
at sun.reflect.DelegatingMethodAccessorImpl.invoke(DelegatingMethodAccessorImpl.java:43)
at java.lang.reflect.Method.invoke(Method.java:498)
at org.testng.internal.MethodInvocationHelper.invokeMethod(MethodInvocationHelper.java:133)
at org.testng.internal.MethodInvocationHelper.invokeMethodConsideringTimeout(MethodInvocationHelper.java:62)
at org.testng.internal.ConfigInvoker.invokeConfigurationMethod(ConfigInvoker.java:385)
at org.testng.internal.ConfigInvoker.invokeConfigurations(ConfigInvoker.java:321)
at org.testng.internal.TestMethodWorker.invokeAfterClassMethods(TestMethodWorker.java:217)
at org.testng.internal.TestMethodWorker.run(TestMethodWorker.java:130)
at java.util.ArrayList.forEach(ArrayList.java:1259)
at org.testng.TestRunner.privateRun(TestRunner.java:794)
at org.testng.TestRunner.run(TestRunner.java:596)
at org.testng.SuiteRunner.runTest(SuiteRunner.java:377)
at org.testng.SuiteRunner.runSequentially(SuiteRunner.java:371)
at org.testng.SuiteRunner.privateRun(SuiteRunner.java:332)
at org.testng.SuiteRunner.run(SuiteRunner.java:276)
at org.testng.SuiteRunnerWorker.runSuite(SuiteRunnerWorker.java:53)
at org.testng.SuiteRunnerWorker.run(SuiteRunnerWorker.java:96)
at org.testng.TestNG.runSuitesSequentially(TestNG.java:1212)
at org.testng.TestNG.runSuitesLocally(TestNG.java:1134)
at org.testng.TestNG.runSuites(TestNG.java:1063)
at org.testng.TestNG.run(TestNG.java:1031)
at org.testng.remote.AbstractRemoteTestNG.run(AbstractRemoteTestNG.java:115)
at org.testng.remote.RemoteTestNG.initAndRun(RemoteTestNG.java:251)
at org.testng.remote.RemoteTestNG.main(RemoteTestNG.java:77)
]]>
            </full-stacktrace>
          </exception> <!-- java.lang.NullPointerException -->
          <reporter-output>
          </reporter-output>
        </test-method> <!-- tearDown -->
        <test-method status="PASS" signature="quit()[pri:0, instance:TutorialsNinja.Login@2db2dd9d]" name="quit" is-config="true" duration-ms="195" started-at="2023-04-26T19:04:37 EDT" finished-at="2023-04-26T19:04:37 EDT">
          <reporter-output>
          </reporter-output>
        </test-method> <!-- quit -->
      </class> <!-- TutorialsNinja.Login -->
      <class name="TutorialsNinja.SearchProduct">
        <test-method status="PASS" signature="TutoriaSearchProduct()[pri:0, instance:TutorialsNinja.SearchProduct@4593ff34]" name="TutoriaSearchProduct" duration-ms="4262" started-at="2023-04-26T19:04:33 EDT" finished-at="2023-04-26T19:04:37 EDT">
          <reporter-output>
          </reporter-output>
        </test-method> <!-- TutoriaSearchProduct -->
        <test-method status="PASS" signature="TutorialsUnit()[pri:0, instance:TutorialsNinja.SearchProduct@4593ff34]" name="TutorialsUnit" duration-ms="16" started-at="2023-04-26T19:04:37 EDT" depends-on-methods="TutorialsNinja.SearchProduct.TutoriaSearchProduct" finished-at="2023-04-26T19:04:37 EDT">
          <reporter-output>
          </reporter-output>
        </test-method> <!-- TutorialsUnit -->
        <test-method status="FAIL" signature="tearDown()[pri:0, instance:TutorialsNinja.SearchProduct@4593ff34]" name="tearDown" is-config="true" duration-ms="0" started-at="2023-04-26T19:04:37 EDT" finished-at="2023-04-26T19:04:37 EDT">
          <exception class="java.lang.NullPointerException">
            <full-stacktrace>
              <![CDATA[java.lang.NullPointerException
at TutorialsNinja.BaseClass.tearDown(BaseClass.java:30)
at sun.reflect.NativeMethodAccessorImpl.invoke0(Native Method)
at sun.reflect.NativeMethodAccessorImpl.invoke(NativeMethodAccessorImpl.java:62)
at sun.reflect.DelegatingMethodAccessorImpl.invoke(DelegatingMethodAccessorImpl.java:43)
at java.lang.reflect.Method.invoke(Method.java:498)
at org.testng.internal.MethodInvocationHelper.invokeMethod(MethodInvocationHelper.java:133)
at org.testng.internal.MethodInvocationHelper.invokeMethodConsideringTimeout(MethodInvocationHelper.java:62)
at org.testng.internal.ConfigInvoker.invokeConfigurationMethod(ConfigInvoker.java:385)
at org.testng.internal.ConfigInvoker.invokeConfigurations(ConfigInvoker.java:321)
at org.testng.internal.TestMethodWorker.invokeAfterClassMethods(TestMethodWorker.java:217)
at org.testng.internal.TestMethodWorker.run(TestMethodWorker.java:130)
at java.util.ArrayList.forEach(ArrayList.java:1259)
at org.testng.TestRunner.privateRun(TestRunner.java:794)
at org.testng.TestRunner.run(TestRunner.java:596)
at org.testng.SuiteRunner.runTest(SuiteRunner.java:377)
at org.testng.SuiteRunner.runSequentially(SuiteRunner.java:371)
at org.testng.SuiteRunner.privateRun(SuiteRunner.java:332)
at org.testng.SuiteRunner.run(SuiteRunner.java:276)
at org.testng.SuiteRunnerWorker.runSuite(SuiteRunnerWorker.java:53)
at org.testng.SuiteRunnerWorker.run(SuiteRunnerWorker.java:96)
at org.testng.TestNG.runSuitesSequentially(TestNG.java:1212)
at org.testng.TestNG.runSuitesLocally(TestNG.java:1134)
at org.testng.TestNG.runSuites(TestNG.java:1063)
at org.testng.TestNG.run(TestNG.java:1031)
at org.testng.remote.AbstractRemoteTestNG.run(AbstractRemoteTestNG.java:115)
at org.testng.remote.RemoteTestNG.initAndRun(RemoteTestNG.java:251)
at org.testng.remote.RemoteTestNG.main(RemoteTestNG.java:77)
]]>
            </full-stacktrace>
          </exception> <!-- java.lang.NullPointerException -->
          <reporter-output>
          </reporter-output>
        </test-method> <!-- tearDown -->
      </class> <!-- TutorialsNinja.SearchProduct -->
    </test> <!-- Default test -->
  </suite> <!-- Default suite -->
</testng-results>
